
> @closr/web@0.1.0 build
> next build

⚠ Warning: Next.js inferred your workspace root, but it may not be correct.
 We detected multiple lockfiles and selected the directory of D:\tool2\closr-monorepo\package-lock.json as the root directory.
 To silence this warning, set `turbopack.root` in your Next.js config, or consider removing one of the lockfiles if it's not needed.
   See https://nextjs.org/docs/app/api-reference/config/next-config-js/turbopack#root-directory for more information.
 Detected additional lockfiles: 
   * D:\tool2\closr-monorepo\apps\web\package-lock.json

▲ Next.js 16.2.4 (Turbopack)
- Environments: .env

  Creating an optimized production build ...
✓ Compiled successfully in 5.0s
  Running TypeScript ...
  Finished TypeScript in 8.5s ...
  Collecting page data using 10 workers ...
  Generating static pages using 10 workers (0/7) ...
  Generating static pages using 10 workers (1/7) 
  Generating static pages using 10 workers (3/7) 
  Generating static pages using 10 workers (5/7) 
✓ Generating static pages using 10 workers (7/7) in 1744ms
  Finalizing page optimization ...

Route (app)
┌ ○ /
├ ○ /_not-found
├ ƒ /api/auth/[...nextauth]
├ ƒ /api/auth/meta
├ ƒ /api/auth/meta/callback
├ ƒ /api/cron/sync-socials
├ ƒ /creators
└ ƒ /p/[slug]


○  (Static)   prerendered as static content
ƒ  (Dynamic)  server-rendered on demand

